<?xml version="1.0" encoding="UTF-8"?>
<!-- Generated by org.testng.reporters.JUnitReportReporter -->
<testsuite hostname="LAPTOP-AN4VQIJA" failures="0" tests="1" name="apiTest.CoinTest" time="5.372" errors="0" timestamp="2025-01-22T17:15:04 IST" skipped="0">
  <testcase classname="apiTest.CoinTest" name="getRequest" time="5.372"/>
  <system-out/>
</testsuite> <!-- apiTest.CoinTest -->
