<?xml version="1.0" encoding="UTF-8"?>
<!-- Generated by org.testng.reporters.JUnitReportReporter -->
<testsuite hostname="LAPTOP-AN4VQIJA" failures="0" tests="1" name="testRunner.TestNGRunner" time="16.692" errors="0" timestamp="2025-01-22T17:24:02 IST" skipped="0">
  <testcase classname="testRunner.TestNGRunner" name="runScenario" time="16.692"/>
  <system-out/>
</testsuite> <!-- testRunner.TestNGRunner -->
